{
  "RSpec": {
    "coverage": {
      "/Users/nweiland/Dropbox/Turing/projects/levelup/spec/controllers/api/v1/users_controller_spec.rb": [
        1,
        null,
        1,
        1,
        1,
        1,
        1,
        1,
        1,
        null,
        null,
        null
      ],
      "/Users/nweiland/Dropbox/Turing/projects/levelup/spec/rails_helper.rb": [
        1,
        1,
        null,
        1,
        1,
        1,
        1,
        1,
        1,
        null,
        5,
        null,
        1,
        null,
        1,
        1,
        1,
        null
      ],
      "/Users/nweiland/Dropbox/Turing/projects/levelup/config/environment.rb": [
        1,
        null,
        1
      ],
      "/Users/nweiland/Dropbox/Turing/projects/levelup/config/application.rb": [
        1,
        null,
        1,
        1,
        1,
        1,
        1,
        1,
        1,
        1,
        null,
        1,
        null,
        1,
        1,
        1,
        null,
        null
      ],
      "/Users/nweiland/Dropbox/Turing/projects/levelup/config/boot.rb": [
        1,
        null,
        1
      ],
      "/Users/nweiland/Dropbox/Turing/projects/levelup/config/environments/test.rb": [
        1,
        null,
        null,
        null,
        null,
        null,
        null,
        1,
        null,
        null,
        null,
        null,
        1,
        null,
        null,
        1,
        1,
        null,
        null,
        1,
        1,
        null,
        null,
        1,
        null,
        null,
        1,
        null,
        null,
        null,
        null,
        1,
        null,
        null,
        1,
        null,
        null,
        1,
        null,
        null,
        null,
        null
      ],
      "/Users/nweiland/Dropbox/Turing/projects/levelup/config/initializers/assets.rb": [
        null,
        null,
        null,
        1,
        null,
        null,
        null,
        null,
        null,
        null,
        null
      ],
      "/Users/nweiland/Dropbox/Turing/projects/levelup/config/initializers/backtrace_silencers.rb": [
        null,
        null,
        null,
        null,
        null,
        null,
        null
      ],
      "/Users/nweiland/Dropbox/Turing/projects/levelup/config/initializers/cookies_serializer.rb": [
        null,
        null,
        1
      ],
      "/Users/nweiland/Dropbox/Turing/projects/levelup/config/initializers/filter_parameter_logging.rb": [
        null,
        null,
        null,
        1
      ],
      "/Users/nweiland/Dropbox/Turing/projects/levelup/config/initializers/inflections.rb": [
        null,
        null,
        null,
        null,
        null,
        null,
        null,
        null,
        null,
        null,
        null,
        null,
        null,
        null,
        null,
        null
      ],
      "/Users/nweiland/Dropbox/Turing/projects/levelup/config/initializers/mime_types.rb": [
        null,
        null,
        null,
        null
      ],
      "/Users/nweiland/Dropbox/Turing/projects/levelup/config/initializers/omniauth.rb": [
        1,
        1,
        null,
        1,
        null
      ],
      "/Users/nweiland/Dropbox/Turing/projects/levelup/config/initializers/session_store.rb": [
        null,
        null,
        1
      ],
      "/Users/nweiland/Dropbox/Turing/projects/levelup/config/initializers/wrap_parameters.rb": [
        null,
        null,
        null,
        null,
        null,
        null,
        1,
        1,
        null,
        null,
        null,
        null,
        null,
        null
      ],
      "/Users/nweiland/Dropbox/Turing/projects/levelup/config/routes.rb": [
        1,
        1,
        1,
        1,
        1,
        1,
        null,
        1,
        null,
        1,
        1,
        1,
        null,
        null,
        null
      ],
      "/Users/nweiland/Dropbox/Turing/projects/levelup/app/resources/api/v1/user_resource.rb": [
        1,
        1,
        1,
        1,
        null,
        null,
        null
      ],
      "/Users/nweiland/Dropbox/Turing/projects/levelup/app/resources/base_resource.rb": [
        1,
        1,
        null
      ],
      "/Users/nweiland/Dropbox/Turing/projects/levelup/app/helpers/application_helper.rb": [
        1,
        null
      ],
      "/Users/nweiland/Dropbox/Turing/projects/levelup/app/helpers/pages_helper.rb": [
        1,
        null
      ],
      "/Users/nweiland/Dropbox/Turing/projects/levelup/app/helpers/users_helper.rb": [
        1,
        null
      ],
      "/Users/nweiland/Dropbox/Turing/projects/levelup/spec/support/database_cleaner.rb": [
        1,
        1,
        null,
        1,
        1,
        0,
        null,
        null,
        null,
        null,
        null,
        1,
        null,
        null,
        1,
        17,
        null,
        null,
        1,
        2,
        null,
        2,
        0,
        null,
        null,
        null,
        1,
        17,
        null,
        null,
        1,
        17,
        null,
        null
      ],
      "/Users/nweiland/Dropbox/Turing/projects/levelup/spec/support/omniauth.rb": [
        1,
        1,
        2,
        2,
        null,
        null,
        null,
        null,
        null,
        null,
        null,
        null,
        1,
        1,
        null
      ],
      "/Users/nweiland/Dropbox/Turing/projects/levelup/spec/support/shoulda_matchers.rb": [
        1,
        1,
        1,
        1,
        null,
        null
      ],
      "/Users/nweiland/Dropbox/Turing/projects/levelup/spec/support/vcr.rb": [
        1,
        1,
        1,
        null
      ],
      "/Users/nweiland/Dropbox/Turing/projects/levelup/app/controllers/api/v1/users_controller.rb": [
        1,
        1,
        1,
        null,
        null,
        null
      ],
      "/Users/nweiland/Dropbox/Turing/projects/levelup/app/controllers/api/api_controller.rb": [
        1,
        1,
        1,
        1,
        null,
        1,
        1,
        null,
        null,
        null
      ],
      "/Users/nweiland/Dropbox/Turing/projects/levelup/app/controllers/application_controller.rb": [
        1,
        1,
        1,
        1,
        null,
        1,
        7,
        0,
        null,
        null,
        null,
        1,
        1,
        22,
        null,
        null,
        1,
        7,
        null,
        null,
        1,
        7,
        null,
        null
      ],
      "/Users/nweiland/Dropbox/Turing/projects/levelup/spec/controllers/users_controller_spec.rb": [
        1,
        null,
        1,
        null,
        null
      ],
      "/Users/nweiland/Dropbox/Turing/projects/levelup/app/controllers/users_controller.rb": [
        1,
        1,
        null,
        null
      ],
      "/Users/nweiland/Dropbox/Turing/projects/levelup/spec/features/user_logs_in_with_omniauth_spec.rb": [
        1,
        null,
        1,
        1,
        1,
        1,
        1,
        1,
        null,
        1,
        1,
        1,
        null,
        null,
        null,
        1,
        1,
        1,
        null,
        1,
        1,
        null,
        1,
        1,
        1,
        null,
        null,
        null
      ],
      "/Users/nweiland/Dropbox/Turing/projects/levelup/spec/models/authorization_spec.rb": [
        1,
        null,
        1,
        2,
        2,
        null
      ],
      "/Users/nweiland/Dropbox/Turing/projects/levelup/app/models/authorization.rb": [
        1,
        1,
        1,
        null,
        1,
        2,
        null,
        null,
        1,
        1,
        1,
        null,
        null,
        1,
        null,
        null
      ],
      "/Users/nweiland/Dropbox/Turing/projects/levelup/spec/models/role_spec.rb": [
        1,
        null,
        1,
        2,
        2,
        2,
        2,
        null
      ],
      "/Users/nweiland/Dropbox/Turing/projects/levelup/app/models/role.rb": [
        1,
        1,
        1,
        null,
        1,
        null
      ],
      "/Users/nweiland/Dropbox/Turing/projects/levelup/spec/models/user_role_spec.rb": [
        1,
        null,
        1,
        2,
        2,
        null
      ],
      "/Users/nweiland/Dropbox/Turing/projects/levelup/app/models/user_role.rb": [
        1,
        1,
        1,
        null
      ],
      "/Users/nweiland/Dropbox/Turing/projects/levelup/spec/models/user_spec.rb": [
        1,
        null,
        1,
        2,
        2,
        2,
        2,
        2,
        2,
        null
      ],
      "/Users/nweiland/Dropbox/Turing/projects/levelup/app/models/user.rb": [
        1,
        1,
        1,
        1,
        null,
        1,
        1,
        null,
        1,
        7,
        null,
        null,
        1,
        2,
        null,
        2,
        2,
        2,
        2,
        2,
        2,
        2,
        2,
        null,
        2,
        2,
        null,
        2,
        null,
        null
      ],
      "/Users/nweiland/Dropbox/Turing/projects/levelup/spec/fabricators/user_fabricator.rb": [
        1,
        2,
        2,
        null
      ],
      "/Users/nweiland/Dropbox/Turing/projects/levelup/app/services/permission.rb": [
        1,
        1,
        null,
        1,
        null,
        1,
        7,
        7,
        7,
        null,
        null,
        1,
        null,
        null,
        0,
        null,
        2,
        null,
        5,
        7,
        null,
        null,
        1,
        1,
        14,
        null,
        null,
        1,
        13,
        null,
        null,
        1,
        6,
        null,
        null,
        1,
        null,
        null,
        1,
        2,
        2,
        null,
        null,
        1,
        5,
        3,
        1,
        null,
        null
      ],
      "/Users/nweiland/Dropbox/Turing/projects/levelup/app/controllers/pages_controller.rb": [
        1,
        1,
        null,
        null
      ],
      "/Users/nweiland/Dropbox/Turing/projects/levelup/app/controllers/sessions_controller.rb": [
        1,
        1,
        2,
        2,
        2,
        null,
        2,
        null,
        null,
        1,
        0,
        0,
        null,
        null
      ],
      "/Users/nweiland/Dropbox/Turing/projects/levelup/app/services/facebook_service.rb": [
        1,
        1,
        1,
        1,
        1,
        null,
        null,
        1,
        1,
        1,
        null,
        null
      ]
    },
    "timestamp": 1465765217
  }
}
